<?xml version="1.0" encoding="UTF-8"?>
<testsuite name="DefinitionTest" tests="4" skipped="0" failures="0" errors="0" timestamp="2016-10-02T14:35:49" hostname="MacBook-Pro.domain" time="0.003">
  <properties/>
  <testcase name="definition_instantiatesCorrectly_true" classname="DefinitionTest" time="0.002"/>
  <testcase name="clear_emptiesAllDefinitionsFromArrayList_0" classname="DefinitionTest" time="0.0"/>
  <testcase name="all_returnsAllDefinitions_true" classname="DefinitionTest" time="0.0"/>
  <testcase name="getId_definitionInstantiatesWithAnID_1" classname="DefinitionTest" time="0.001"/>
  <system-out><![CDATA[]]></system-out>
  <system-err><![CDATA[]]></system-err>
</testsuite>
