<?xml version="1.0" encoding="UTF-8"?>
<testsuite name="DefinitionTest" tests="1" skipped="0" failures="0" errors="0" timestamp="2016-10-07T00:22:34" hostname="epicodus-15.local" time="0.003">
  <properties/>
  <testcase name="definition_instantiatesCorrectly_true" classname="DefinitionTest" time="0.003"/>
  <system-out><![CDATA[]]></system-out>
  <system-err><![CDATA[]]></system-err>
</testsuite>
